1571364492396	mozrunner::runner	INFO	Running command: "C:\\Program Files\\Mozilla Firefox\\firefox.exe" "-marionette" "-foreground" "-no-remote" "-profile" "C:\\Users\\SIVA\\AppData\\Local\\Temp\\rust_mozprofileh3Fe5B"
1571364496538	addons.webextension.screenshots@mozilla.org	WARN	Loading extension 'screenshots@mozilla.org': Reading manifest: Invalid extension permission: mozillaAddons
1571364496539	addons.webextension.screenshots@mozilla.org	WARN	Loading extension 'screenshots@mozilla.org': Reading manifest: Invalid extension permission: telemetry
1571364496539	addons.webextension.screenshots@mozilla.org	WARN	Loading extension 'screenshots@mozilla.org': Reading manifest: Invalid extension permission: resource://pdf.js/
1571364496539	addons.webextension.screenshots@mozilla.org	WARN	Loading extension 'screenshots@mozilla.org': Reading manifest: Invalid extension permission: about:reader*
JavaScript error: resource://gre/modules/XULStore.jsm, line 66: Error: Can't find profile directory.
1571364507718	Marionette	INFO	Listening on port 49519
1571364507957	Marionette	WARN	TLS certificate errors will be ignored for this session
1571364511000	Marionette	INFO	Stopped listening on port 49519
JavaScript error: resource://activity-stream/lib/ActivityStreamPrefs.jsm, line 27: NS_ERROR_ILLEGAL_VALUE: Component returned failure code: 0x80070057 (NS_ERROR_ILLEGAL_VALUE) [nsIPrefBranch.removeObserver]
[Parent 7128, Gecko_IOThread] WARNING: pipe error: 109: file z:/task_1570640083/build/src/ipc/chromium/src/chrome/common/ipc_channel_win.cc, line 341
[Child 6060, Chrome_ChildThread] WARNING: pipe error: 109: file z:/task_1570640083/build/src/ipc/chromium/src/chrome/common/ipc_channel_win.cc, line 341
[Child 6060, Chrome_ChildThread] WARNING: pipe error: 109: file z:/task_1570640083/build/src/ipc/chromium/src/[Child 6364, Chrome_ChildThread] WARNING: pipe error: 109: file z:/task_1570640083/build/src/ipc/chromium/src/chrome/common/ipc_channel_win.cc, line 341
[Child 6364, Chrome_ChildThread] WARNING: pip1571364514106	addons.xpi	WARN	Addon with ID amazondotcom@search.mozilla.org already installed, older version will be disabled
1571364514107	addons.xpi-utils	WARN	Error: XPI database modified after shutdown began(resource://gre/modules/addons/XPIDatabase.jsm:1483:17) JS Stack trace: saveChanges@XPIDatabase.jsm:1483:17
makeAddonVisible@XPIDatabase.jsm:2286:10
addToDatabase@XPIDatabase.jsm:2213:12
install@XPIInstall.jsm:4343:27
update@XPIProvider.jsm:2064:13
1571364514107	addons.xpi-utils	WARN	Error: XPI database modified after shutdown began(resource://gre/modules/addons/XPIDatabase.jsm:1483:17) JS Stack trace: saveChanges@XPIDatabase.jsm:1483:17
addToDatabase@XPIDatabase.jsm:2216:10
install@XPIInstall.jsm:4343:27
update@XPIProvider.jsm:2064:13
1571364514109	addons.xpi-utils	WARN	Error: XPI database modified after shutdown began(resource://gre/modules/addons/XPIDatabase.jsm:1483:17) JS Stack trace: saveChanges@XPIDatabase.jsm:1483:17
syncWithDB@XPIProvider.jsm:671:25
addAddon@XPIProvider.jsm:807:14
addAddon@XPIProvider.jsm:1603:21
install@XPIInstall.jsm:4348:17
update@XPIProvider.jsm:2064:13
1571364514440	addons.xpi	WARN	Addon with ID bing@search.mozilla.org already installed, older version will be disabled
1571364514441	addons.xpi-utils	WARN	Error: XPI database modified after shutdown began(resource://gre/modules/addons/XPIDatabase.jsm:1483:17) JS Stack trace: saveChanges@XPIDatabase.jsm:1483:17
makeAddonVisible@XPIDatabase.jsm:2286:10
addToDatabase@XPIDatabase.jsm:2213:12
install@XPIInstall.jsm:4343:27
update@XPIProvider.jsm:2064:13
1571364514441	addons.xpi-utils	WARN	Error: XPI database modified after shutdown began(resource://gre/modules/addons/XPIDatabase.jsm:1483:17) JS Stack trace: saveChanges@XPIDatabase.jsm:1483:17
addToDatabase@XPIDatabase.jsm:2216:10
install@XPIInstall.jsm:4343:27
update@XPIProvider.jsm:2064:13
1571364514442	addons.xpi-utils	WARN	Error: XPI database modified after shutdown began(resource://gre/modules/addons/XPIDatabase.jsm:1483:17) JS Stack trace: saveChanges@XPIDatabase.jsm:1483:17
syncWithDB@XPIProvider.jsm:671:25
addAddon@XPIProvider.jsm:807:14
addAddon@XPIProvider.jsm:1603:21
install@XPIInstall.jsm:4348:17
update@XPIProvider.jsm:2064:13
1571364514485	addons.xpi	WARN	Addon with ID google@search.mozilla.org already installed, older version will be disabled
1571364514486	addons.xpi-utils	WARN	Error: XPI database modified after shutdown began(resource://gre/modules/addons/XPIDatabase.jsm:1483:17) JS Stack trace: saveChanges@XPIDatabase.jsm:1483:17
makeAddonVisible@XPIDatabase.jsm:2286:10
addToDatabase@XPIDatabase.jsm:2213:12
install@XPIInstall.jsm:4343:27
update@XPIProvider.jsm:2064:13
1571364514487	addons.xpi-utils	WARN	Error: XPI database modified after shutdown began(resource://gre/modules/addons/XPIDatabase.jsm:1483:17) JS Stack trace: saveChanges@XPIDatabase.jsm:1483:17
addToDatabase@XPIDatabase.jsm:2216:10
install@XPIInstall.jsm:4343:27
update@XPIProvider.jsm:2064:13
1571364514488	addons.xpi-utils	WARN	Error: XPI database modified after shutdown began(resource://gre/modules/addons/XPIDatabase.jsm:1483:17) JS Stack trace: saveChanges@XPIDatabase.jsm:1483:17
syncWithDB@XPIProvider.jsm:671:25
addAddon@XPIProvider.jsm:807:14
addAddon@XPIProvider.jsm:1603:21
install@XPIInstall.jsm:4348:17
update@XPIProvider.jsm:2064:13
1571364514520	addons.xpi	WARN	Addon with ID twitter@search.mozilla.org already installed, older version will be disabled
1571364514520	addons.xpi-utils	WARN	Error: XPI database modified after shutdown began(resource://gre/modules/addons/XPIDatabase.jsm:1483:17) JS Stack trace: saveChanges@XPIDatabase.jsm:1483:17
makeAddonVisible@XPIDatabase.jsm:2286:10
addToDatabase@XPIDatabase.jsm:2213:12
install@XPIInstall.jsm:4343:27
update@XPIProvider.jsm:2064:13
1571364514521	addons.xpi-utils	WARN	Error: XPI database modified after shutdown began(resource://gre/modules/addons/XPIDatabase.jsm:1483:17) JS Stack trace: saveChanges@XPIDatabase.jsm:1483:17
addToDatabase@XPIDatabase.jsm:2216:10
install@XPIInstall.jsm:4343:27
update@XPIProvider.jsm:2064:13
1571364514522	addons.xpi-utils	WARN	Error: XPI database modified after shutdown began(resource://gre/modules/addons/XPIDatabase.jsm:1483:17) JS Stack trace: saveChanges@XPIDatabase.jsm:1483:17
syncWithDB@XPIProvider.jsm:671:25
addAddon@XPIProvider.jsm:807:14
addAddon@XPIProvider.jsm:1603:21
install@XPIInstall.jsm:4348:17
update@XPIProvider.jsm:2064:13
1571364514588	addons.xpi	WARN	Addon with ID wikipedia@search.mozilla.org already installed, older version will be disabled
1571364514590	addons.xpi-utils	WARN	Error: XPI database modified after shutdown began(resource://gre/modules/addons/XPIDatabase.jsm:1483:17) JS Stack trace: saveChanges@XPIDatabase.jsm:1483:17
makeAddonVisible@XPIDatabase.jsm:2286:10
addToDatabase@XPIDatabase.jsm:2213:12
install@XPIInstall.jsm:4343:27
update@XPIProvider.jsm:2064:13
1571364514590	addons.xpi-utils	WARN	Error: XPI database modified after shutdown began(resource://gre/modules/addons/XPIDatabase.jsm:1483:17) JS Stack trace: saveChanges@XPIDatabase.jsm:1483:17
addToDatabase@XPIDatabase.jsm:2216:10
install@XPIInstall.jsm:4343:27
update@XPIProvider.jsm:2064:13
1571364514591	addons.xpi-utils	WARN	Error: XPI database modified after shutdown began(resource://gre/modules/addons/XPIDatabase.jsm:1483:17) JS Stack trace: saveChanges@XPIDatabase.jsm:1483:17
syncWithDB@XPIProvider.jsm:671:25
addAddon@XPIProvider.jsm:807:14
addAddon@XPIProvider.jsm:1603:21
install@XPIInstall.jsm:4348:17
update@XPIProvider.jsm:2064:13
1571364514621	addons.xpi	WARN	Addon with ID ddg@search.mozilla.org already installed, older version will be disabled
1571364514621	addons.xpi-utils	WARN	Error: XPI database modified after shutdown began(resource://gre/modules/addons/XPIDatabase.jsm:1483:17) JS Stack trace: saveChanges@XPIDatabase.jsm:1483:17
makeAddonVisible@XPIDatabase.jsm:2286:10
addToDatabase@XPIDatabase.jsm:2213:12
install@XPIInstall.jsm:4343:27
update@XPIProvider.jsm:2064:13
1571364514621	addons.xpi-utils	WARN	Error: XPI database modified after shutdown began(resource://gre/modules/addons/XPIDatabase.jsm:1483:17) JS Stack trace: saveChanges@XPIDatabase.jsm:1483:17
addToDatabase@XPIDatabase.jsm:2216:10
install@XPIInstall.jsm:4343:27
update@XPIProvider.jsm:2064:13
1571364514622	addons.xpi-utils	WARN	Error: XPI database modified after shutdown began(resource://gre/modules/addons/XPIDatabase.jsm:1483:17) JS Stack trace: saveChanges@XPIDatabase.jsm:1483:17
syncWithDB@XPIProvider.jsm:671:25
addAddon@XPIProvider.jsm:807:14
addAddon@XPIProvider.jsm:1603:21
install@XPIInstall.jsm:4348:17
update@XPIProvider.jsm:2064:13
[Child 6376, Chrome_ChildThread] WARNING: pipe error: 109: file z:/task_1570640083/build/src/ipc/chromium/src/chrome/common/ipc_channel_win.cc, line 341
[Child 6376, Chrome_ChildThread] WARNING: pipe error: JavaScript error: resource://gre/modules/AsyncShutdown.jsm, line 551: NS_ERROR_FAILURE

###!!! [Child][RunMessage] Error: Channel closing: too late to send/recv, messages will be lost

1571884381041	mozrunner::runner	INFO	Running command: "C:\\Program Files\\Mozilla Firefox\\firefox.exe" "-marionette" "-foreground" "-no-remote" "-profile" "C:\\Users\\SIVA\\AppData\\Local\\Temp\\rust_mozprofiledEyPph"
1571884384219	addons.webextension.screenshots@mozilla.org	WARN	Loading extension 'screenshots@mozilla.org': Reading manifest: Invalid extension permission: mozillaAddons
1571884384219	addons.webextension.screenshots@mozilla.org	WARN	Loading extension 'screenshots@mozilla.org': Reading manifest: Invalid extension permission: telemetry
1571884384219	addons.webextension.screenshots@mozilla.org	WARN	Loading extension 'screenshots@mozilla.org': Reading manifest: Invalid extension permission: resource://pdf.js/
1571884384220	addons.webextension.screenshots@mozilla.org	WARN	Loading extension 'screenshots@mozilla.org': Reading manifest: Invalid extension permission: about:reader*
JavaScript error: resource://gre/modules/XULStore.jsm, line 66: Error: Can't find profile directory.
1571884396821	Marionette	INFO	Listening on port 51930
1571884397903	Marionette	WARN	TLS certificate errors will be ignored for this session
[Child 9876, Chrome_ChildThread] WARNING: pipe error: 109: file z:/task_1570640083/build/src/ipc/chromium/src/chrome/common/ipc_channel_win.cc, line 341
[Child 320, Chrome_ChildThread] WARNING: pipe error: 109: file z:/task_1570640083/build/src/ipc/chromium/src/chrome/common/ipc_channel_win.cc, line 341
[Parent 7176, Gecko_IOThread] WARNING: file z:/task_1570640083/build/src/ipc/chromium/src/base/process_util_win.cc, line 160
1571884427851	mozrunner::runner	INFO	Running command: "C:\\Program Files\\Mozilla Firefox\\firefox.exe" "-marionette" "-foreground" "-no-remote" "-profile" "C:\\Users\\SIVA\\AppData\\Local\\Temp\\rust_mozprofiletHP0GN"
1571884431346	addons.webextension.screenshots@mozilla.org	WARN	Loading extension 'screenshots@mozilla.org': Reading manifest: Invalid extension permission: mozillaAddons
1571884431346	addons.webextension.screenshots@mozilla.org	WARN	Loading extension 'screenshots@mozilla.org': Reading manifest: Invalid extension permission: telemetry
1571884431346	addons.webextension.screenshots@mozilla.org	WARN	Loading extension 'screenshots@mozilla.org': Reading manifest: Invalid extension permission: resource://pdf.js/
1571884431346	addons.webextension.screenshots@mozilla.org	WARN	Loading extension 'screenshots@mozilla.org': Reading manifest: Invalid extension permission: about:reader*
JavaScript error: resource://gre/modules/XULStore.jsm, line 66: Error: Can't find profile directory.
1571884437456	Marionette	INFO	Listening on port 52012
1571884437756	Marionette	WARN	TLS certificate errors will be ignored for this session
JavaScript error: , line 0: NS_ERROR_FAILURE
[Child 4596, Chrome_ChildThread] WARNING: pipe error: 109: file z:/task_1570640083/build/src/ipc/chromium/src/chrome/common/ipc_channel_win.cc, line 341
[Child 8368, Chrome_ChildThread] WARNING: pipe error: 109: file z:/task_1570640083/build/src/ipc/chromium/src/chrome/common/ipc_channel_win.cc, line 341
[Child 8368, Chrome_ChildThread] WARNING: pipe error: 109: file z:/task_1570640083/build/src/ipc/chromium/src/chrome/common/ipc_channel_win.cc, line 341
[Child 3816, Chrome_ChildThread] WARNING: pipe error: 109: file z:/task_1570640083/build/src/ipc/chromium/src/chrome/common/ipc_channel_win.cc, line 341
[Childconsole.error: (new Error("Transaction canceled due to a closed connection.", "resource://gre/modules/Sqlite.jsm", 613))
1571885941872	Marionette	INFO	Stopped listening on port 52012
[GPU 101572935991631	mozrunner::runner	INFO	Running command: "C:\\Program Files\\Mozilla Firefox\\firefox.exe" "-marionette" "-foreground" "-no-remote" "-profile" "C:\\Users\\SIVA\\AppData\\Local\\Temp\\rust_mozprofileYZDAxM"
1572935996509	addons.webextension.screenshots@mozilla.org	WARN	Loading extension 'screenshots@mozilla.org': Reading manifest: Invalid extension permission: mozillaAddons
1572935996509	addons.webextension.screenshots@mozilla.org	WARN	Loading extension 'screenshots@mozilla.org': Reading manifest: Invalid extension permission: telemetry
1572935996509	addons.webextension.screenshots@mozilla.org	WARN	Loading extension 'screenshots@mozilla.org': Reading manifest: Invalid extension permission: resource://pdf.js/
1572935996509	addons.webextension.screenshots@mozilla.org	WARN	Loading extension 'screenshots@mozilla.org': Reading manifest: Invalid extension permission: about:reader*
JavaScript error: resource://gre/modules/XULStore.jsm, line 66: Error: Can't find profile directory.
1572936009719	Marionette	INFO	Listening on port 61934
1572936009936	Marionette	WARN	TLS certificate errors will be ignored for this session
JavaScript error: , line 0: NS_ERROR_FAILURE
[Child 5596, Chrome_ChildThread] WARNING: pipe error: 109: file z:/task_1572401533/build/src/ipc/chromium/src/chrome/common/ipc_channel_win.cc, line 341
[Child 5596, Chrome_ChildThread] WARNING: pipe error: 1[Parent 6444, Gecko_IOThread] WARNING: file z:/task_1572401533/build/src/ipc/chromium/src/base/process_util_win.cc, line 160
1572936714678	Marionette	INFO	Stopped listening on port 61934
[GPU 4708, Chrome_ChildThread] WARNING: pipe error: 109: file z:/task_1572401533/build/src/ipc/chromium/src/chrome/common/ipc_channel_win.cc, line 341

###!!! [Child][RunMessage] Error: Channel closing: too late to send/recv, messages will be lost

mozilla.org': Reading manifest: Invalid extension permission: resource://pdf.js/
1572936276048	addons.webextension.screenshots@mozilla.org	WARN	Loading extension 'screenshots@mozilla.org': Reading manifest: Invalid extension permission: about:reader*
JavaScript error: resource://gre/modules/XULStore.jsm, line 66: Error: Can't find profile directory.
1572936281598	Marionette	INFO	Listening on port 62037
1572936282099	Marionette	WARN	TLS certificate errors will be ignored for this session
[C[Phildarent 7244, Gecko_IOThread] WARNING: file z 3180, Chrome_ChildThread] WARNING: pipe error: 109: file z:/task_1572:/task_1572401533/build/src/ipc/chromium/src/base/process_util_win.cc, line 160
401533/build/src/ipc/chromium/src/chrome/common/ipc_channel_win.cc, line 341
[Child 3180, Chrome_ChildThread] WARNING: pipe error: 109: file z:/task_1572401533/build/src/ipc/chromium/src/chrome/common/ipc_channel_win.cc, line 341
[Child 7028, Chrome_ChildThread] WARNING: pipe error: 109: file z:/task_1572401533/build/src/ipc/chromium/src/chrome/common/ipc_channel_win.cc, line 341
JavaScript error: resource://gre/modules/AsyncShutdown.jsm, line 551: NS_ERROR_FAILURE
1572936313614	Marionette	INFO	Stopped listening on port 62037

###!!! [Child][RunMessage] Error: Channel closing: too late to send/recv, messages will be lost

[GPU 4872, Chrome1572936355768	mozrunner::runner	INFO	Running command: "C:\\Program Files\\Mozilla Firefox\\firefox.exe" "-marionette" "--headless" "-foreground" "-no-remote" "-profile" "C:\\Users\\SIVA\\AppData\\Local\\Temp\\rust_mozprofile1rWAeY"
*** You are running in headless mode.
1572936359044	addons.webextension.screenshots@mozilla.org	WARN	Loading extension 'screenshots@mozilla.org': Reading manifest: Invalid extension permission: mozillaAddons
1572936359044	addons.webextension.screenshots@mozilla.org	WARN	Loading extension 'screenshots@mozilla.org': Reading manifest: Invalid extension permission: telemetry
1572936359045	addons.webextension.screenshots@mozilla.org	WARN	Loading extension 'screenshots@mozilla.org': Reading manifest: Invalid extension permission: resource://pdf.js/
1572936359045	addons.webextension.screenshots@mozilla.org	WARN	Loading extension 'screenshots@mozilla.org': Reading manifest: Invalid extension permission: about:reader*
JavaScript error: resource://gre/modules/XULStore.jsm, line 66: Error: Can't find profile directory.
1572936364143	Marionette	INFO	Listening on port 62100
1572936364475	Marionette	WARN	TLS certificate errors will be ignored for this session
JavaScript error: , line 0: NS_ERROR_FAILURE
1572938816751	mozrunner::runner	INFO	Running command: "C:\\Program Files\\Mozilla Firefox\\firefox.exe" "-marionette" "-foreground" "-no-remote" "-profile" "C:\\Users\\SIVA\\AppData\\Local\\Temp\\rust_mozprofileKkLV03"
1572938819117	addons.webextension.screenshots@mozilla.org	WARN	Loading extension 'screenshots@mozilla.org': Reading manifest: Invalid extension permission: mozillaAddons
1572938819118	addons.webextension.screenshots@mozilla.org	WARN	Loading extension 'screenshots@mozilla.org': Reading manifest: Invalid extension permission: telemetry
1572938819118	addons.webextension.screenshots@mozilla.org	WARN	Loading extension 'screenshots@mozilla.org': Reading manifest: Invalid extension permission: resource://pdf.js/
1572938819118	addons.webextension.screenshots@mozilla.org	WARN	Loading extension 'screenshots@mozilla.org': Reading manifest: Invalid extension permission: about:reader*
JavaScript error: resource://gre/modules/XULStore.jsm, line 66: Error: Can't find profile directory.
1572938825487	Marionette	INFO	Listening on port 63432
1572938825563	Marionette	WARN	TLS certificate errors will be ignored for this session
JavaScript error: , line 0: NS_ERROR_FAILURE
[Parent 4652, Gecko_IOThread] WARNING: pipe error: 109: file z:/task_1572401533/build/src/ipc/chromium/src/chrome/common/ipc_channel_win.cc, line 341
[Child 4012, Chrome_ChildThread] WARNING: pipe error: 109: file z:/task_1572401533/build/src/ipc/chromium/src/chrome/common/ipc_channel_win.cc, line 341
[Child 4012, Chrome_ChildThread] WARNING: pipe error: 109: file z:/task_1572401533/bui[Child 7808, Chrome_ChildThread] WARNING: pipe error: 109: file z:/task_1572401533/build/src/ipc/chromium/src/chrome/common/ipc_channel_win.cc, line 341
[Child 7808, Chrome_ChildThread] WARNING: pipe error: 109: file z:/task_1572401533/build/src/ipc/chromium/src/chrome/common/ipc_channel_win.cc, line 341
[Parent 4652, Gecko_IOThread] WARNING: pipe error: 109: file z:/task_1572401533/build/src/ipc/chromium/src/chrome/common/ipc_channel_win.cc, line 341
[Child 5476, Chrome_ChildThread] WARNING: pipe error: 109: file z:/task_1572401533/build/src/ipc/chromium/src/chrome/common/ipc_channel_win.cc, line 341
[Child 5476, Chrome_ChildThread] WARNING: pipe error: 109: file z:/task_1572401533/build/src/ipc/chromium/src/chrome/common/ipc_channel_win.cc, line 341
1572938989490	Marionette	INFO	Stopped listening on port 63432
[GPU 
###!!! [Child][RunMessage] Error: Channel closing: too late to send/recv, messages will be lost

10488, Chrome_ChildTh1572941670965	mozrunner::runner	INFO	Running command: "C:\\Program Files\\Mozilla Firefox\\firefox.exe" "-marionette" "-foreground" "-no-remote" "-profile" "C:\\Users\\SIVA\\AppData\\Local\\Temp\\rust_mozprofileB2MZ6E"
1572941671956	addons.webextension.screenshots@mozilla.org	WARN	Loading extension 'screenshots@mozilla.org': Reading manifest: Invalid extension permission: mozillaAddons
1572941671956	addons.webextension.screenshots@mozilla.org	WARN	Loading extension 'screenshots@mozilla.org': Reading manifest: Invalid extension permission: telemetry
1572941671957	addons.webextension.screenshots@mozilla.org	WARN	Loading extension 'screenshots@mozilla.org': Reading manifest: Invalid extension permission: resource://pdf.js/
1572941671957	addons.webextension.screenshots@mozilla.org	WARN	Loading extension 'screenshots@mozilla.org': Reading manifest: Invalid extension permission: about:reader*
JavaScript error: resource://gre/modules/XULStore.jsm, line 66: Error: Can't find profile directory.
[Child 8992, Chrome_ChildThread] WARNING: pipe error: 109: file z:/task_1572401533/build/src/ipc/chromium/src/chrome/common/ipc_channel_win.cc, line 341
